<?xml version="1.0" encoding="UTF-8"?>
<!-- Generated by org.testng.reporters.JUnitReportReporter -->
<testsuite skipped="0" hostname="LAPTOP-UHNQ3KA0" name="tests.DataProviderTests" tests="3" failures="0" timestamp="23 Apr 2018 16:47:19 GMT" time="0.332" errors="0">
  <testcase name="testMethodOne" time="0.087" classname="tests.DataProviderTests"/>
  <testcase name="testMethodOne" time="0.171" classname="tests.DataProviderTests"/>
  <testcase name="testMethodOne" time="0.074" classname="tests.DataProviderTests"/>
</testsuite> <!-- tests.DataProviderTests -->
