<?xml version="1.0" encoding="UTF-8"?>
<!-- Generated by org.testng.reporters.JUnitReportReporter -->
<testsuite skipped="0" hostname="LAPTOP-UHNQ3KA0" name="tests.RegressionTests" tests="1" failures="0" timestamp="12 Sep 2018 19:28:23 GMT" time="0.020" errors="0">
  <testcase name="testMethodOne" time="0.020" classname="tests.RegressionTests"/>
</testsuite> <!-- tests.RegressionTests -->
