<?xml version="1.0" encoding="UTF-8"?>
<!-- Generated by org.testng.reporters.JUnitReportReporter -->
<testsuite skipped="3" hostname="BLRVMCDEVTERM01" name="myOwn.DataProviderTests" tests="3" failures="0" timestamp="14 Sep 2018 04:17:12 GMT" time="0.000" errors="0">
  <testcase name="testMethodOne" time="0.000" classname="myOwn.DataProviderTests">
    <skipped/>
  </testcase> <!-- testMethodOne -->
  <testcase name="testMethodOne" time="0.000" classname="myOwn.DataProviderTests">
    <skipped/>
  </testcase> <!-- testMethodOne -->
  <testcase name="testMethodOne" time="0.000" classname="myOwn.DataProviderTests">
    <skipped/>
  </testcase> <!-- testMethodOne -->
</testsuite> <!-- myOwn.DataProviderTests -->
