<?xml version="1.0" encoding="UTF-8"?>
<!-- Generated by org.testng.reporters.JUnitReportReporter -->
<testsuite hostname="BLRDSPRASAD" name="base.ColorXLSX" tests="2" failures="0" timestamp="28 Feb 2019 10:01:54 GMT" time="0.011" errors="0">
  <testcase name="data" time="0.002" classname="base.ColorXLSX"/>
  <testcase name="data" time="0.009" classname="base.ColorXLSX"/>
</testsuite> <!-- base.ColorXLSX -->
