<?xml version="1.0" encoding="UTF-8"?>
<!-- Generated by org.testng.reporters.JUnitReportReporter -->
<testsuite skipped="0" hostname="BLRDSUNIVA" name="com.hotelhub.powermode.tests.SearchTest" tests="1" failures="0" timestamp="05 Oct 2018 12:18:07 GMT" time="48.262" errors="0">
  <testcase name="verifyUserIsAbleToSearchHotelByIATA" time="48.262" classname="com.hotelhub.powermode.tests.SearchTest"/>
</testsuite> <!-- com.hotelhub.powermode.tests.SearchTest -->
