<?xml version="1.0" encoding="UTF-8"?>
<!-- Generated by org.testng.reporters.JUnitReportReporter -->
<testsuite skipped="1" hostname="BLRDSUNIVA" name="com.hotelhub.powermode.tests.SanityTest" tests="1" failures="0" timestamp="28 Sep 2018 08:44:16 GMT" time="0.000" errors="0">
  <testcase name="CreateBooking" time="0.000" classname="com.hotelhub.powermode.tests.SanityTest">
    <skipped/>
  </testcase> <!-- CreateBooking -->
</testsuite> <!-- com.hotelhub.powermode.tests.SanityTest -->
