<?xml version="1.0" encoding="UTF-8"?>
<!-- Generated by org.testng.reporters.JUnitReportReporter -->
<testsuite skipped="0" hostname="BLRDSUNIVA" name="tests.SanityTest" tests="7" failures="0" timestamp="04 Oct 2018 05:56:00 GMT" time="411.420" errors="0">
  <testcase name="CreateBookingWithDifferentGDS" time="113.791" classname="tests.SanityTest"/>
  <testcase name="testMethodThree" time="6.084" classname="tests.SanityTest"/>
  <testcase name="testMethodTwo" time="5.549" classname="tests.SanityTest"/>
  <testcase name="CreateBookingWithDifferentGDS" time="95.169" classname="tests.SanityTest"/>
  <testcase name="CreateBookingWithDifferentGDS" time="92.015" classname="tests.SanityTest"/>
  <testcase name="CreateBookingWithDifferentGDS" time="92.185" classname="tests.SanityTest"/>
  <testcase name="testMethodOne" time="6.627" classname="tests.SanityTest"/>
</testsuite> <!-- tests.SanityTest -->
