<?xml version="1.0" encoding="UTF-8"?>
<!-- Generated by org.testng.reporters.JUnitReportReporter -->
<testsuite skipped="1" hostname="BLRVMCDEVTERM01" name="myOwn.SanityTests" tests="1" failures="0" timestamp="14 Sep 2018 04:17:12 GMT" time="0.000" errors="0">
  <testcase name="test1" time="0.000" classname="myOwn.SanityTests">
    <skipped/>
  </testcase> <!-- test1 -->
</testsuite> <!-- myOwn.SanityTests -->
