<?xml version="1.0" encoding="UTF-8"?>
<!-- Generated by org.testng.reporters.JUnitReportReporter -->
<testsuite skipped="1" hostname="BLRVMCDEVTERM01" name="myOwn.RegressionTests" tests="1" failures="0" timestamp="14 Sep 2018 04:17:12 GMT" time="0.000" errors="0">
  <testcase name="testMethodOne" time="0.000" classname="myOwn.RegressionTests">
    <skipped/>
  </testcase> <!-- testMethodOne -->
</testsuite> <!-- myOwn.RegressionTests -->
