<?xml version="1.0" encoding="UTF-8"?>
<!-- Generated by org.testng.reporters.JUnitReportReporter -->
<testsuite hostname="BLRDSPRASAD" name="com.hotelhub.powermode.tests.HotelBookingTest" tests="3" failures="0" timestamp="14 Mar 2019 05:33:16 GMT" time="215.215" errors="0">
  <testcase name="BCOMbookingWithAutoBookFeature" time="64.586" classname="com.hotelhub.powermode.tests.HotelBookingTest"/>
  <testcase name="BCOMbookingByAddingNewVISACard" time="70.532" classname="com.hotelhub.powermode.tests.HotelBookingTest"/>
  <testcase name="BCOMbookingByAddingNewAMEXCard" time="80.097" classname="com.hotelhub.powermode.tests.HotelBookingTest"/>
</testsuite> <!-- com.hotelhub.powermode.tests.HotelBookingTest -->
