<?xml version="1.0" encoding="UTF-8"?>
<!-- Generated by org.testng.reporters.JUnitReportReporter -->
<testsuite hostname="BLRDSPRASAD" name="com.hotelhub.powermode.tests.RegressionTest" tests="1" failures="0" timestamp="13 Mar 2019 10:09:32 GMT" time="22.335" errors="0">
  <testcase name="verificationOfAmadeusRatesDisplay" time="22.335" classname="com.hotelhub.powermode.tests.RegressionTest"/>
</testsuite> <!-- com.hotelhub.powermode.tests.RegressionTest -->
