<?xml version="1.0" encoding="UTF-8"?>
<!-- Generated by org.testng.reporters.JUnitReportReporter -->
<testsuite skipped="0" hostname="LAPTOP-UHNQ3KA0" name="helpers.LoginHelper" tests="1" failures="0" timestamp="22 Apr 2018 01:31:50 GMT" time="6.356" errors="0">
  <testcase name="Login" time="6.356" classname="helpers.LoginHelper"/>
</testsuite> <!-- helpers.LoginHelper -->
