<?xml version="1.0" encoding="UTF-8"?>
<!-- Generated by org.testng.reporters.JUnitReportReporter -->
<testsuite skipped="0" hostname="LAPTOP-UHNQ3KA0" name="tests.LoginTests" tests="1" failures="0" timestamp="12 Sep 2018 19:28:23 GMT" time="36.688" errors="0">
  <testcase name="registerNewUser" time="36.688" classname="tests.LoginTests"/>
</testsuite> <!-- tests.LoginTests -->
