<?xml version="1.0" encoding="UTF-8"?>
<!-- Generated by org.testng.reporters.JUnitReportReporter -->
<testsuite skipped="0" hostname="BLRVMCDEVTERM01" name="tests.TestClassSampleUsingThreadLocal" tests="3" failures="0" timestamp="14 Sep 2018 06:41:35 GMT" time="22.852" errors="0">
  <testcase name="testMethod" time="7.708" classname="tests.TestClassSampleUsingThreadLocal"/>
  <testcase name="testMethod" time="8.913" classname="tests.TestClassSampleUsingThreadLocal"/>
  <testcase name="testMethod" time="6.231" classname="tests.TestClassSampleUsingThreadLocal"/>
</testsuite> <!-- tests.TestClassSampleUsingThreadLocal -->
